<?xml version="1.0" encoding="UTF-8"?>
<coverage generated="1731630636206" clover="3.2.0">
  <project timestamp="1731630636206" name="All files">
    <metrics statements="26" coveredstatements="13" conditionals="5" coveredconditionals="3" methods="12" coveredmethods="7" elements="43" coveredelements="23" complexity="0" loc="26" ncloc="26" packages="6" files="7" classes="7"/>
    <package name="data.protocols.http">
      <metrics statements="1" coveredstatements="1" conditionals="0" coveredconditionals="0" methods="1" coveredmethods="1"/>
      <file name="HttpClientProtocol.ts" path="/media/andersonnascimento/backup/github/estudo/solid-clean-architecture-for-frontend/front-react/src/data/protocols/http/HttpClientProtocol.ts">
        <metrics statements="1" coveredstatements="1" conditionals="0" coveredconditionals="0" methods="1" coveredmethods="1"/>
        <line num="1" count="1" type="stmt"/>
      </file>
    </package>
    <package name="data.use-cases">
      <metrics statements="8" coveredstatements="8" conditionals="3" coveredconditionals="3" methods="4" coveredmethods="4"/>
      <file name="RemoteFetchTodo.ts" path="/media/andersonnascimento/backup/github/estudo/solid-clean-architecture-for-frontend/front-react/src/data/use-cases/RemoteFetchTodo.ts">
        <metrics statements="8" coveredstatements="8" conditionals="3" coveredconditionals="3" methods="4" coveredmethods="4"/>
        <line num="16" count="4" type="stmt"/>
        <line num="17" count="4" type="stmt"/>
        <line num="21" count="4" type="stmt"/>
        <line num="26" count="4" type="cond" truecount="3" falsecount="0"/>
        <line num="28" count="2" type="stmt"/>
        <line num="30" count="1" type="stmt"/>
        <line num="32" count="1" type="stmt"/>
        <line num="37" count="2" type="stmt"/>
      </file>
    </package>
    <package name="domain.errors">
      <metrics statements="4" coveredstatements="4" conditionals="0" coveredconditionals="0" methods="2" coveredmethods="2"/>
      <file name="InvalidRepositoryError.ts" path="/media/andersonnascimento/backup/github/estudo/solid-clean-architecture-for-frontend/front-react/src/domain/errors/InvalidRepositoryError.ts">
        <metrics statements="2" coveredstatements="2" conditionals="0" coveredconditionals="0" methods="1" coveredmethods="1"/>
        <line num="3" count="2" type="stmt"/>
        <line num="4" count="2" type="stmt"/>
      </file>
      <file name="UnexpectedError.ts" path="/media/andersonnascimento/backup/github/estudo/solid-clean-architecture-for-frontend/front-react/src/domain/errors/UnexpectedError.ts">
        <metrics statements="2" coveredstatements="2" conditionals="0" coveredconditionals="0" methods="1" coveredmethods="1"/>
        <line num="3" count="2" type="stmt"/>
        <line num="4" count="2" type="stmt"/>
      </file>
    </package>
    <package name="infra.http">
      <metrics statements="7" coveredstatements="0" conditionals="2" coveredconditionals="0" methods="2" coveredmethods="0"/>
      <file name="FetchHttpClientAdapter.ts" path="/media/andersonnascimento/backup/github/estudo/solid-clean-architecture-for-frontend/front-react/src/infra/http/FetchHttpClientAdapter.ts">
        <metrics statements="7" coveredstatements="0" conditionals="2" coveredconditionals="0" methods="2" coveredmethods="0"/>
        <line num="10" count="0" type="stmt"/>
        <line num="11" count="0" type="stmt"/>
        <line num="17" count="0" type="stmt"/>
        <line num="18" count="0" type="stmt"/>
        <line num="21" count="0" type="stmt"/>
        <line num="22" count="0" type="stmt"/>
        <line num="26" count="0" type="stmt"/>
      </file>
    </package>
    <package name="presentation.hooks">
      <metrics statements="3" coveredstatements="0" conditionals="0" coveredconditionals="0" methods="2" coveredmethods="0"/>
      <file name="useFetchTodos.tsx" path="/media/andersonnascimento/backup/github/estudo/solid-clean-architecture-for-frontend/front-react/src/presentation/hooks/useFetchTodos.tsx">
        <metrics statements="3" coveredstatements="0" conditionals="0" coveredconditionals="0" methods="2" coveredmethods="0"/>
        <line num="5" count="0" type="stmt"/>
        <line num="8" count="0" type="stmt"/>
        <line num="9" count="0" type="stmt"/>
      </file>
    </package>
    <package name="presentation.pages.Home">
      <metrics statements="3" coveredstatements="0" conditionals="0" coveredconditionals="0" methods="1" coveredmethods="0"/>
      <file name="Home.tsx" path="/media/andersonnascimento/backup/github/estudo/solid-clean-architecture-for-frontend/front-react/src/presentation/pages/Home/Home.tsx">
        <metrics statements="3" coveredstatements="0" conditionals="0" coveredconditionals="0" methods="1" coveredmethods="0"/>
        <line num="27" count="0" type="stmt"/>
        <line num="28" count="0" type="stmt"/>
        <line num="29" count="0" type="stmt"/>
      </file>
    </package>
  </project>
</coverage>
