{"/media/andersonnascimento/backup/github/estudo/solid-clean-architecture-for-frontend/front-react/src/data/protocols/http/HttpClientProtocol.ts": {"path":"/media/andersonnascimento/backup/github/estudo/solid-clean-architecture-for-frontend/front-react/src/data/protocols/http/HttpClientProtocol.ts","statementMap":{"0":{"start":{"line":1,"column":12},"end":{"line":9,"column":null}},"1":{"start":{"line":1,"column":12},"end":{"line":1,"column":null}}},"fnMap":{"0":{"name":"(anonymous_0)","decl":{"start":{"line":1,"column":12},"end":{"line":1,"column":null}},"loc":{"start":{"line":1,"column":12},"end":{"line":9,"column":null}}}},"branchMap":{},"s":{"0":1,"1":1},"f":{"0":1},"b":{}}
,"/media/andersonnascimento/backup/github/estudo/solid-clean-architecture-for-frontend/front-react/src/data/use-cases/RemoteFetchTodo.ts": {"path":"/media/andersonnascimento/backup/github/estudo/solid-clean-architecture-for-frontend/front-react/src/data/use-cases/RemoteFetchTodo.ts","statementMap":{"0":{"start":{"line":21,"column":25},"end":{"line":24,"column":null}},"1":{"start":{"line":26,"column":4},"end":{"line":33,"column":null}},"2":{"start":{"line":28,"column":8},"end":{"line":28,"column":null}},"3":{"start":{"line":30,"column":8},"end":{"line":30,"column":null}},"4":{"start":{"line":32,"column":8},"end":{"line":32,"column":null}},"5":{"start":{"line":37,"column":4},"end":{"line":42,"column":null}},"6":{"start":{"line":37,"column":37},"end":{"line":42,"column":null}},"7":{"start":{"line":16,"column":21},"end":{"line":16,"column":32}},"8":{"start":{"line":17,"column":21},"end":{"line":17,"column":51}}},"fnMap":{"0":{"name":"(anonymous_1)","decl":{"start":{"line":20,"column":2},"end":{"line":20,"column":8}},"loc":{"start":{"line":20,"column":33},"end":{"line":34,"column":null}}},"1":{"name":"(anonymous_2)","decl":{"start":{"line":36,"column":10},"end":{"line":36,"column":16}},"loc":{"start":{"line":36,"column":52},"end":{"line":43,"column":null}}},"2":{"name":"(anonymous_3)","decl":{"start":{"line":37,"column":28},"end":{"line":37,"column":37}},"loc":{"start":{"line":37,"column":37},"end":{"line":42,"column":null}}},"3":{"name":"(anonymous_4)","decl":{"start":{"line":15,"column":2},"end":{"line":15,"column":null}},"loc":{"start":{"line":18,"column":4},"end":{"line":18,"column":null}}}},"branchMap":{"0":{"loc":{"start":{"line":26,"column":4},"end":{"line":33,"column":null}},"type":"switch","locations":[{"start":{"line":27,"column":6},"end":{"line":28,"column":null}},{"start":{"line":29,"column":6},"end":{"line":30,"column":null}},{"start":{"line":31,"column":6},"end":{"line":32,"column":null}}]}},"s":{"0":4,"1":4,"2":2,"3":1,"4":1,"5":2,"6":2,"7":4,"8":4},"f":{"0":4,"1":2,"2":2,"3":4},"b":{"0":[2,1,1]}}
,"/media/andersonnascimento/backup/github/estudo/solid-clean-architecture-for-frontend/front-react/src/domain/errors/InvalidRepositoryError.ts": {"path":"/media/andersonnascimento/backup/github/estudo/solid-clean-architecture-for-frontend/front-react/src/domain/errors/InvalidRepositoryError.ts","statementMap":{"0":{"start":{"line":3,"column":4},"end":{"line":3,"column":null}},"1":{"start":{"line":4,"column":4},"end":{"line":4,"column":null}}},"fnMap":{"0":{"name":"(anonymous_0)","decl":{"start":{"line":2,"column":2},"end":{"line":2,"column":16}},"loc":{"start":{"line":2,"column":16},"end":{"line":5,"column":null}}}},"branchMap":{},"s":{"0":2,"1":2},"f":{"0":2},"b":{}}
,"/media/andersonnascimento/backup/github/estudo/solid-clean-architecture-for-frontend/front-react/src/domain/errors/UnexpectedError.ts": {"path":"/media/andersonnascimento/backup/github/estudo/solid-clean-architecture-for-frontend/front-react/src/domain/errors/UnexpectedError.ts","statementMap":{"0":{"start":{"line":3,"column":4},"end":{"line":3,"column":null}},"1":{"start":{"line":4,"column":4},"end":{"line":4,"column":null}}},"fnMap":{"0":{"name":"(anonymous_0)","decl":{"start":{"line":2,"column":2},"end":{"line":2,"column":16}},"loc":{"start":{"line":2,"column":16},"end":{"line":5,"column":null}}}},"branchMap":{},"s":{"0":2,"1":2},"f":{"0":2},"b":{}}
,"/media/andersonnascimento/backup/github/estudo/solid-clean-architecture-for-frontend/front-react/src/infra/http/FetchHttpClientAdapter.ts": {"path":"/media/andersonnascimento/backup/github/estudo/solid-clean-architecture-for-frontend/front-react/src/infra/http/FetchHttpClientAdapter.ts","statementMap":{"0":{"start":{"line":10,"column":4},"end":{"line":19,"column":null}},"1":{"start":{"line":11,"column":6},"end":{"line":15,"column":null}},"2":{"start":{"line":17,"column":25},"end":{"line":17,"column":null}},"3":{"start":{"line":18,"column":6},"end":{"line":18,"column":null}},"4":{"start":{"line":21,"column":27},"end":{"line":21,"column":null}},"5":{"start":{"line":22,"column":4},"end":{"line":22,"column":null}},"6":{"start":{"line":26,"column":4},"end":{"line":29,"column":null}}},"fnMap":{"0":{"name":"(anonymous_0)","decl":{"start":{"line":8,"column":2},"end":{"line":8,"column":8}},"loc":{"start":{"line":8,"column":58},"end":{"line":23,"column":null}}},"1":{"name":"(anonymous_1)","decl":{"start":{"line":25,"column":2},"end":{"line":25,"column":8}},"loc":{"start":{"line":25,"column":62},"end":{"line":30,"column":null}}}},"branchMap":{"0":{"loc":{"start":{"line":13,"column":14},"end":{"line":13,"column":null}},"type":"cond-expr","locations":[{"start":{"line":13,"column":26},"end":{"line":13,"column":54}},{"start":{"line":13,"column":54},"end":{"line":13,"column":null}}]}},"s":{"0":0,"1":0,"2":0,"3":0,"4":0,"5":0,"6":0},"f":{"0":0,"1":0},"b":{"0":[0,0]}}
,"/media/andersonnascimento/backup/github/estudo/solid-clean-architecture-for-frontend/front-react/src/presentation/hooks/useFetchTodos.tsx": {"path":"/media/andersonnascimento/backup/github/estudo/solid-clean-architecture-for-frontend/front-react/src/presentation/hooks/useFetchTodos.tsx","statementMap":{"0":{"start":{"line":5,"column":2},"end":{"line":11,"column":null}},"1":{"start":{"line":8,"column":23},"end":{"line":8,"column":null}},"2":{"start":{"line":9,"column":6},"end":{"line":9,"column":null}}},"fnMap":{"0":{"name":"useFetchTodos","decl":{"start":{"line":4,"column":16},"end":{"line":4,"column":30}},"loc":{"start":{"line":4,"column":50},"end":{"line":12,"column":null}}},"1":{"name":"(anonymous_1)","decl":{"start":{"line":7,"column":13},"end":{"line":7,"column":null}},"loc":{"start":{"line":7,"column":13},"end":{"line":10,"column":null}}}},"branchMap":{},"s":{"0":0,"1":0,"2":0},"f":{"0":0,"1":0},"b":{}}
,"/media/andersonnascimento/backup/github/estudo/solid-clean-architecture-for-frontend/front-react/src/presentation/pages/Home/Home.tsx": {"path":"/media/andersonnascimento/backup/github/estudo/solid-clean-architecture-for-frontend/front-react/src/presentation/pages/Home/Home.tsx","statementMap":{"0":{"start":{"line":27,"column":26},"end":{"line":27,"column":null}},"1":{"start":{"line":28,"column":2},"end":{"line":28,"column":null}},"2":{"start":{"line":29,"column":2},"end":{"line":29,"column":null}}},"fnMap":{"0":{"name":"Home","decl":{"start":{"line":12,"column":16},"end":{"line":12,"column":21}},"loc":{"start":{"line":12,"column":46},"end":{"line":36,"column":null}}}},"branchMap":{},"s":{"0":0,"1":0,"2":0},"f":{"0":0},"b":{}}
}
